<?xml version="1.0" encoding="UTF-8" ?>
<!-- Generated by Oracle SCA Test Modeler version 1.0 at [10/26/16 1:50 PM]. -->
<compositeTest compositeDN="TestSaxon" xmlns="http://xmlns.oracle.com/sca/2006/test">
  <about/>
  <initiate serviceName="saxontransformation_client_ep" operation="process" isAsync="false" delay="PT0S">
    <message>
      <part partName="payload">
        <content>
          <processRequest xmlns="http://xmlns.oracle.com/TestSaxon/TestSaxon/SaxonTransformation">
            <inputData>
              <data xmlns="http://daradurvs.ru/test-saxon/1">
                <date>2016-07-15T12:00:00</date>
              </data>
            </inputData>
            <dataType>saxon-test</dataType>
          </processRequest>
        </content>
      </part>
    </message>
  </initiate>
</compositeTest>
